#
# A fatal error has been detected by the Java Runtime Environment:
#
#  EXCEPTION_ACCESS_VIOLATION (0xc0000005) at pc=0x00007ffa3c011bc5, pid=18512, tid=22900
#
# JRE version:  (20.0.2+9) (build )
# Java VM: OpenJDK 64-Bit Server VM (20.0.2+9-78, mixed mode, sharing, tiered, unknown gc, windows-amd64)
# Problematic frame:
# C  [jimage.dll+0x1bc5]
#
# No core dump will be written. Minidumps are not enabled by default on client versions of Windows
#
#

---------------  S U M M A R Y ------------

Command Line: 

Host: AMD Ryzen 7 4800H with Radeon Graphics         , 16 cores, 15G,  Windows 11 , 64 bit Build 22621 (10.0.22621.2070)
Time: Wed Sep 13 20:47:24 2023  Windows 11 , 64 bit Build 22621 (10.0.22621.2070) elapsed time: 0.039306 seconds (0d 0h 0m 0s)

---------------  T H R E A D  ---------------

Current thread is native thread

Stack: [0x0000005343200000,0x0000005343300000],  sp=0x00000053432fd7b0,  free space=1013k
Native frames: (J=compiled Java code, j=interpreted, Vv=VM code, C=native code)
C  [jimage.dll+0x1bc5]
C  [jimage.dll+0x1d53]
C  [jimage.dll+0x2619]
V  [jvm.dll+0x2236a0]
V  [jvm.dll+0xc7062]
V  [jvm.dll+0x7fdcfa]
V  [jvm.dll+0x44ccaf]
V  [jvm.dll+0x44e621]
C  [jli.dll+0x5287]
C  [ucrtbase.dll+0x29363]
C  [KERNEL32.DLL+0x126ad]
C  [ntdll.dll+0x5aa68]


siginfo: EXCEPTION_ACCESS_VIOLATION (0xc0000005), reading address 0x00000000000107dc


Registers:
RAX=0x00000000000041f0, RBX=0x00000053432fd8a1, RCX=0x00007ffa3c016000, RDX=0x00000000000041f0
RSP=0x00000053432fd7b0, RBP=0x00000053432fd8a0, RSI=0x000000000000735b, RDI=0x00000053432fd8a0
R8 =0x00007ffa3c014298, R9 =0x000000000000001c, R10=0x00007ffa30d40000, R11=0x00007ffa3c016000
R12=0x0000000000000000, R13=0x00000053432ffc90, R14=0x00000053432fe910, R15=0x00007ffa13152160
RIP=0x00007ffa3c011bc5, EFLAGS=0x0000000000010212


Top of Stack: (sp=0x00000053432fd7b0)
0x00000053432fd7b0:   0000016c23910150 00000000a20004a6
0x00000053432fd7c0:   0000016c237d0b58 0000016c23b90000
0x00000053432fd7d0:   0000016c23a0a570 00007ffa3c011d53
0x00000053432fd7e0:   000000000000000b 0000016c23a0a570
0x00000053432fd7f0:   00000000000006f5 00000000000006f5
0x00000053432fd800:   00000000000006f5 00007ffa53f7422a
0x00000053432fd810:   0000016c23913120 0000016ca20004a6
0x00000053432fd820:   0000016c23910000 00007ffaa20004a6
0x00000053432fd830:   00000000000006f5 0000016c23b90080
0x00000053432fd840:   0000f0c02305fafc 0000016c23910150
0x00000053432fd850:   00007ffa13131170 0000000000000017
0x00000053432fd860:   0000016c23a0a570 00000053432fe910
0x00000053432fd870:   000000000000000b 00007ffa3c012619
0x00000053432fd880:   0000016c23910000 00007ffaa20004a6
0x00000053432fd890:   000000000000069c 0000016c23bc0610
0x00000053432fd8a0:   61622e6176616a2f 692f6b646a2f6573
0x00000053432fd8b0:   2f6c616e7265746e 6f6974706f2f6d76
0x00000053432fd8c0:   0000016c2300736e 0000016c23bc0fc0
0x00000053432fd8d0:   0000016c000003ff 000000000000069c
0x00000053432fd8e0:   0000016c23b90000 0000016c05010004
0x00000053432fd8f0:   00000000000005eb 0000000000005eb0
0x00000053432fd900:   0000016c2391007c 0000016c23910150
0x00000053432fd910:   0000016c23bc0600 00007ffaa20004a6
0x00000053432fd920:   0000016c23910000 0000005302000002
0x00000053432fd930:   0000000000000000 0000000000000000
0x00000053432fd940:   0000016c23910150 0000016c23bc64b0
0x00000053432fd950:   0000000000000000 0000000000000000
0x00000053432fd960:   00000000000000b1 00007ffa53f7422a
0x00000053432fd970:   0000016c23913120 00000053432fdca9
0x00000053432fd980:   0000016c23910000 00000000000000b1
0x00000053432fd990:   0000016c23bc64c0 0000016c23bc64b0
0x00000053432fd9a0:   0000000000000400 00007ffa53f6f466 

Instructions: (pc=0x00007ffa3c011bc5)
0x00007ffa3c011ac5:   48 85 c9 74 1d 80 3d 3f 45 00 00 00 74 06 48 8b
0x00007ffa3c011ad5:   53 18 eb 04 48 8b 53 40 e8 96 0e 00 00 48 83 63
0x00007ffa3c011ae5:   48 00 8b 4b 0c 83 f9 ff 74 09 e8 cc 0c 00 00 83
0x00007ffa3c011af5:   4b 0c ff 48 8b 4b 70 48 85 c9 74 0f ba 10 00 00
0x00007ffa3c011b05:   00 e8 ed 0e 00 00 48 83 63 70 00 48 83 c4 20 5b
0x00007ffa3c011b15:   c3 cc cc 40 53 48 83 ec 20 48 8b d9 48 8d 0d f8
0x00007ffa3c011b25:   46 00 00 e8 9b 0c 00 00 83 6b 08 01 75 24 48 8b
0x00007ffa3c011b35:   d3 48 8d 0d db 44 00 00 e8 22 08 00 00 48 8b cb
0x00007ffa3c011b45:   e8 d6 fe ff ff ba 78 00 00 00 48 8b cb e8 a1 0e
0x00007ffa3c011b55:   00 00 48 8d 0d c2 46 00 00 48 83 c4 20 5b e9 68
0x00007ffa3c011b65:   0c 00 00 48 89 5c 24 08 48 89 74 24 10 57 48 83
0x00007ffa3c011b75:   ec 20 41 8b f1 4d 8b c8 48 8b fa 4c 8b d9 4d 85
0x00007ffa3c011b85:   c0 74 78 85 f6 74 74 44 8a 12 48 8d 5a 01 48 8b
0x00007ffa3c011b95:   d3 b8 93 01 00 01 eb 12 69 c0 93 01 00 01 41 0f
0x00007ffa3c011ba5:   b6 ca 44 8a 12 33 c1 48 ff c2 45 84 d2 75 e9 4d
0x00007ffa3c011bb5:   8b 03 0f ba f0 1f 33 d2 49 8b cb f7 f6 48 63 c2
0x00007ffa3c011bc5:   41 8b 14 81 41 ff 50 08 85 c0 7e 24 8a 0f eb 10
0x00007ffa3c011bd5:   69 c0 93 01 00 01 0f b6 c9 33 c1 8a 0b 48 ff c3
0x00007ffa3c011be5:   84 c9 75 ec 0f ba f0 1f 33 d2 f7 f6 8b c2 eb 0e
0x00007ffa3c011bf5:   79 09 83 c9 ff 2b c8 8b c1 eb 03 83 c8 ff 48 8b
0x00007ffa3c011c05:   5c 24 30 48 8b 74 24 38 48 83 c4 20 5f c3 cc 48
0x00007ffa3c011c15:   89 5c 24 08 48 89 74 24 10 57 48 83 ec 20 48 8b
0x00007ffa3c011c25:   f1 48 8d 0d f3 45 00 00 e8 96 0b 00 00 33 ff 39
0x00007ffa3c011c35:   3d de 43 00 00 76 24 48 8b 05 dd 43 00 00 48 8b
0x00007ffa3c011c45:   d6 48 8b 1c f8 48 8b 0b e8 68 1e 00 00 85 c0 74
0x00007ffa3c011c55:   2b ff c7 3b 3d ba 43 00 00 72 dc 33 db 48 8d 0d
0x00007ffa3c011c65:   b7 45 00 00 e8 62 0b 00 00 48 8b 74 24 38 48 8b
0x00007ffa3c011c75:   c3 48 8b 5c 24 30 48 83 c4 20 5f c3 ff 43 08 eb
0x00007ffa3c011c85:   dc cc cc 48 89 5c 24 08 48 89 74 24 10 57 48 83
0x00007ffa3c011c95:   ec 20 48 8b d9 48 8b f2 48 8b 49 10 49 8b f8 8b
0x00007ffa3c011ca5:   53 30 48 8b 01 ff 50 20 4c 8b 43 50 48 8b d6 48
0x00007ffa3c011cb5:   8b 4b 10 44 8b c8 e8 a8 fe ff ff 83 f8 ff 74 38 



---------------  P R O C E S S  ---------------

VM state: not at safepoint (not fully initialized)

VM Mutex/Monitor currently owned by a thread: None

GC Precious Log:
<Not initialized>


Dynamic libraries:
0x00007ff636c20000 - 0x00007ff636c2e000 	C:\Users\Hope\.jdks\openjdk-20.0.2\bin\java.exe
0x00007ffa53f30000 - 0x00007ffa54144000 	C:\WINDOWS\SYSTEM32\ntdll.dll
0x00007ffa52600000 - 0x00007ffa526c4000 	C:\WINDOWS\System32\KERNEL32.DLL
0x00007ffa51690000 - 0x00007ffa51a34000 	C:\WINDOWS\System32\KERNELBASE.dll
0x00007ffa4e3a0000 - 0x00007ffa4e437000 	C:\WINDOWS\SYSTEM32\apphelp.dll
0x00007ffa513d0000 - 0x00007ffa514e1000 	C:\WINDOWS\System32\ucrtbase.dll
0x00007ffa32b20000 - 0x00007ffa32b37000 	C:\Users\Hope\.jdks\openjdk-20.0.2\bin\jli.dll
0x00007ffa51cf0000 - 0x00007ffa51e9a000 	C:\WINDOWS\System32\USER32.dll
0x00007ffa51c20000 - 0x00007ffa51c46000 	C:\WINDOWS\System32\win32u.dll
0x00007ffa3c6a0000 - 0x00007ffa3c92f000 	C:\WINDOWS\WinSxS\amd64_microsoft.windows.common-controls_6595b64144ccf1df_6.0.22621.2070_none_2713e6537381f706\COMCTL32.dll
0x00007ffa53090000 - 0x00007ffa530b9000 	C:\WINDOWS\System32\GDI32.dll
0x00007ffa52b20000 - 0x00007ffa52bc7000 	C:\WINDOWS\System32\msvcrt.dll
0x00007ffa514f0000 - 0x00007ffa51609000 	C:\WINDOWS\System32\gdi32full.dll
0x00007ffa30d40000 - 0x00007ffa30d5b000 	C:\Users\Hope\.jdks\openjdk-20.0.2\bin\VCRUNTIME140.dll
0x00007ffa51c50000 - 0x00007ffa51cea000 	C:\WINDOWS\System32\msvcp_win.dll
0x00007ffa53050000 - 0x00007ffa53081000 	C:\WINDOWS\System32\IMM32.DLL
0x00007ffa416d0000 - 0x00007ffa416dc000 	C:\Users\Hope\.jdks\openjdk-20.0.2\bin\vcruntime140_1.dll
0x00007ffa261c0000 - 0x00007ffa2624e000 	C:\Users\Hope\.jdks\openjdk-20.0.2\bin\msvcp140.dll
0x00007ffa127f0000 - 0x00007ffa13488000 	C:\Users\Hope\.jdks\openjdk-20.0.2\bin\server\jvm.dll
0x00007ffa52f20000 - 0x00007ffa52fd0000 	C:\WINDOWS\System32\ADVAPI32.dll
0x00007ffa51eb0000 - 0x00007ffa51f56000 	C:\WINDOWS\System32\sechost.dll
0x00007ffa52e00000 - 0x00007ffa52f17000 	C:\WINDOWS\System32\RPCRT4.dll
0x00007ffa49b80000 - 0x00007ffa49bb4000 	C:\WINDOWS\SYSTEM32\WINMM.dll
0x00007ffa4a2e0000 - 0x00007ffa4a2ea000 	C:\WINDOWS\SYSTEM32\VERSION.dll
0x00007ffa4c5a0000 - 0x00007ffa4c5a9000 	C:\WINDOWS\SYSTEM32\WSOCK32.dll
0x00007ffa53e70000 - 0x00007ffa53ee1000 	C:\WINDOWS\System32\WS2_32.dll
0x00007ffa50300000 - 0x00007ffa50318000 	C:\WINDOWS\SYSTEM32\kernel.appcore.dll
0x00007ffa3c010000 - 0x00007ffa3c01a000 	C:\Users\Hope\.jdks\openjdk-20.0.2\bin\jimage.dll
0x00007ffa4edc0000 - 0x00007ffa4efee000 	C:\WINDOWS\SYSTEM32\DBGHELP.DLL
0x00007ffa532a0000 - 0x00007ffa5362a000 	C:\WINDOWS\System32\combase.dll
0x00007ffa531c0000 - 0x00007ffa53297000 	C:\WINDOWS\System32\OLEAUT32.dll
0x00007ffa3d220000 - 0x00007ffa3d252000 	C:\WINDOWS\SYSTEM32\dbgcore.DLL
0x00007ffa51610000 - 0x00007ffa5168a000 	C:\WINDOWS\System32\bcryptPrimitives.dll

dbghelp: loaded successfully - version: 4.0.5 - missing functions: none
symbol engine: initialized successfully - sym options: 0x614 - pdb path: .;C:\Users\Hope\.jdks\openjdk-20.0.2\bin;C:\WINDOWS\SYSTEM32;C:\WINDOWS\WinSxS\amd64_microsoft.windows.common-controls_6595b64144ccf1df_6.0.22621.2070_none_2713e6537381f706;C:\Users\Hope\.jdks\openjdk-20.0.2\bin\server

VM Arguments:
java_command: <unknown>
java_class_path (initial): <not set>
Launcher Type: SUN_STANDARD

[Global flags]
     bool UseLargePagesIndividualAllocation        = false                                  {pd product} {ergonomic}

Logging:
Log output configuration:
 #0: stdout all=warning uptime,level,tags foldmultilines=false
 #1: stderr all=off uptime,level,tags foldmultilines=false

Environment Variables:
PATH=C:\WINDOWS\system32;C:\WINDOWS;C:\WINDOWS\System32\Wbem;C:\WINDOWS\System32\WindowsPowerShell\v1.0\;C:\WINDOWS\System32\OpenSSH\;C:\Program Files\Go\bin;C:\Program Files\nodejs\;C:\ProgramData\chocolatey\bin;C:\Users\Hope\AppData\Local\pnpm;C:\Users\Hope\AppData\Local\Microsoft\WindowsApps;C:\Users\Hope\go\bin;C:\Users\Hope\AppData\Local\Programs\Microsoft VS Code\bin;D:\PortableSoft\Git\bin;C:\Users\Hope\AppData\Roaming\npm;C:\Program Files\JetBrains\JetBrains Rider 2023.2.1\bin;C:\Program Files\JetBrains\IntelliJ IDEA 2023.2.1\bin
USERNAME=Hope
OS=Windows_NT
PROCESSOR_IDENTIFIER=AMD64 Family 23 Model 96 Stepping 1, AuthenticAMD
TMP=C:\Users\Hope\AppData\Local\Temp
TEMP=C:\Users\Hope\AppData\Local\Temp




---------------  S Y S T E M  ---------------

OS:
 Windows 11 , 64 bit Build 22621 (10.0.22621.2070)
OS uptime: 1 days 9:05 hours

CPU: total 16 (initial active 0) 

Memory: 4k page, system-wide physical 15741M (4729M free)
TotalPageFile size 21885M (AvailPageFile size 5785M)
current process WorkingSet (physical memory assigned to process): 9M, peak: 9M
current process commit charge ("private bytes"): 3M, peak: 3M

vm_info: OpenJDK 64-Bit Server VM (20.0.2+9-78) for windows-amd64 JRE (20.0.2+9-78), built on 2023-06-14T10:08:48Z by "mach5one" with MS VC++ 17.1 (VS2022)

END.
